[debug] [2023-03-07T01:44:05.058Z] ----------------------------------------------------------------------
[debug] [2023-03-07T01:44:05.061Z] Command:       C:\Program Files\nodejs\node.exe C:\Users\agerh\AppData\Roaming\npm\node_modules\firebase-tools\lib\bin\firebase.js init
[debug] [2023-03-07T01:44:05.062Z] CLI Version:   11.24.0
[debug] [2023-03-07T01:44:05.062Z] Platform:      win32
[debug] [2023-03-07T01:44:05.062Z] Node Version:  v18.14.2
[debug] [2023-03-07T01:44:05.064Z] Time:          Mon Mar 06 2023 20:44:05 GMT-0500 (Eastern Standard Time)
[debug] [2023-03-07T01:44:05.064Z] ----------------------------------------------------------------------
[debug] 
[debug] [2023-03-07T01:44:05.077Z] > command requires scopes: ["email","openid","https://www.googleapis.com/auth/cloudplatformprojects.readonly","https://www.googleapis.com/auth/firebase","https://www.googleapis.com/auth/cloud-platform"]
[debug] [2023-03-07T01:44:05.079Z] > authorizing via signed-in user (agerhart2003@gmail.com)
[info] 
     ######## #### ########  ######## ########     ###     ######  ########
     ##        ##  ##     ## ##       ##     ##  ##   ##  ##       ##
     ######    ##  ########  ######   ########  #########  ######  ######
     ##        ##  ##    ##  ##       ##     ## ##     ##       ## ##
     ##       #### ##     ## ######## ########  ##     ##  ######  ########

You're about to initialize a Firebase project in this directory:

  C:\Users\agerh\dupe-marketplace-app

[info] 
=== Project Setup
[info] 
[info] First, let's associate this project directory with a Firebase project.
[info] You can create multiple project aliases by running firebase use --add, 
[info] but for now we'll just set up a default project.
[info] 
[debug] [2023-03-07T01:44:58.990Z] >>> [apiv2][query] GET https://firebase.googleapis.com/v1beta1/projects pageSize=100
[debug] [2023-03-07T01:44:59.635Z] <<< [apiv2][status] GET https://firebase.googleapis.com/v1beta1/projects 200
[debug] [2023-03-07T01:44:59.635Z] <<< [apiv2][body] GET https://firebase.googleapis.com/v1beta1/projects [omitted]
[info] i  Using project dupe-48e3a (DUPE) 
[info] 
=== Database Setup
[info] i  database: ensuring required API firebasedatabase.googleapis.com is enabled... 
[debug] [2023-03-07T01:45:02.757Z] >>> [apiv2][query] GET https://serviceusage.googleapis.com/v1/projects/dupe-48e3a/services/firebasedatabase.googleapis.com [none]
[debug] [2023-03-07T01:45:02.758Z] >>> [apiv2][(partial)header] GET https://serviceusage.googleapis.com/v1/projects/dupe-48e3a/services/firebasedatabase.googleapis.com x-goog-quota-user=projects/dupe-48e3a
[debug] [2023-03-07T01:45:03.081Z] <<< [apiv2][status] GET https://serviceusage.googleapis.com/v1/projects/dupe-48e3a/services/firebasedatabase.googleapis.com 200
[debug] [2023-03-07T01:45:03.081Z] <<< [apiv2][body] GET https://serviceusage.googleapis.com/v1/projects/dupe-48e3a/services/firebasedatabase.googleapis.com [omitted]
[info] +  database: required API firebasedatabase.googleapis.com is enabled 
[info] 
[debug] [2023-03-07T01:45:03.084Z] >>> [apiv2][query] GET https://firebasedatabase.googleapis.com/v1beta/projects/dupe-48e3a/locations/-/instances/dupe-48e3a-default-rtdb [none]
[debug] [2023-03-07T01:45:03.350Z] <<< [apiv2][status] GET https://firebasedatabase.googleapis.com/v1beta/projects/dupe-48e3a/locations/-/instances/dupe-48e3a-default-rtdb 200
[debug] [2023-03-07T01:45:03.351Z] <<< [apiv2][body] GET https://firebasedatabase.googleapis.com/v1beta/projects/dupe-48e3a/locations/-/instances/dupe-48e3a-default-rtdb {"name":"projects/835064937038/locations/us-central1/instances/dupe-48e3a-default-rtdb","project":"projects/835064937038","databaseUrl":"https://dupe-48e3a-default-rtdb.firebaseio.com","type":"DEFAULT_DATABASE","state":"ACTIVE"}
[info] 
[info] Firebase Realtime Database Security Rules allow you to define how your data should be
[info] structured and when your data can be read from and written to.
[info] 
[debug] [2023-03-07T01:45:10.381Z] >>> [apiv2][query] GET https://dupe-48e3a-default-rtdb.firebaseio.com/.settings/rules.json [none]
[debug] [2023-03-07T01:45:10.586Z] <<< [apiv2][status] GET https://dupe-48e3a-default-rtdb.firebaseio.com/.settings/rules.json 200
[debug] [2023-03-07T01:45:10.587Z] <<< [apiv2][body] GET https://dupe-48e3a-default-rtdb.firebaseio.com/.settings/rules.json [stream]
[info] +  Database Rules for dupe-48e3a-default-rtdb have been written to database.rules.json. 
[info] Future modifications to database.rules.json will update Realtime Database Security Rules when you run
[info] firebase deploy.
[info] 
=== Hosting Setup
[info] 
[info] Your public directory is the folder (relative to your project directory) that
[info] will contain Hosting assets to be uploaded with firebase deploy. If you
[info] have a build process for your assets, use your build's output directory.
[info] 
[info] +  Wrote public/404.html 
[debug] [2023-03-07T01:45:25.198Z] >>> [apiv2][query] GET https://www.gstatic.com/firebasejs/releases.json [none]
[debug] [2023-03-07T01:45:25.306Z] <<< [apiv2][status] GET https://www.gstatic.com/firebasejs/releases.json 200
[debug] [2023-03-07T01:45:25.307Z] <<< [apiv2][body] GET https://www.gstatic.com/firebasejs/releases.json {"current":{"version":"9.17.2","browserURL":"https://www.gstatic.com/firebasejs/9.17.2/firebase.js","packageURL":"https://www.gstatic.com/firebasejs/9.17.2/firebase.tgz"},"live":{"version":"9.17","browserURL":"https://www.gstatic.com/firebasejs/live/9.17/firebase.js","packageURL":"https://www.gstatic.com/firebasejs/live/9.17/firebase.tgz"},"components":{"analytics":"https://www.gstatic.com/firebasejs/9.17.2/firebase-analytics.js","app":"https://www.gstatic.com/firebasejs/9.17.2/firebase-app.js","app-check":"https://www.gstatic.com/firebasejs/9.17.2/firebase-app-check.js","auth":"https://www.gstatic.com/firebasejs/9.17.2/firebase-auth.js","auth/cordova":"https://www.gstatic.com/firebasejs/9.17.2/firebase-auth/cordova.js","auth/react-native":"https://www.gstatic.com/firebasejs/9.17.2/firebase-auth/react-native.js","functions":"https://www.gstatic.com/firebasejs/9.17.2/firebase-functions.js","firestore":"https://www.gstatic.com/firebasejs/9.17.2/firebase-firestore.js","firestore/lite":"https://www.gstatic.com/firebasejs/9.17.2/firebase-firestore/lite.js","installations":"https://www.gstatic.com/firebasejs/9.17.2/firebase-installations.js","storage":"https://www.gstatic.com/firebasejs/9.17.2/firebase-storage.js","performance":"https://www.gstatic.com/firebasejs/9.17.2/firebase-performance.js","remote-config":"https://www.gstatic.com/firebasejs/9.17.2/firebase-remote-config.js","messaging":"https://www.gstatic.com/firebasejs/9.17.2/firebase-messaging.js","messaging/sw":"https://www.gstatic.com/firebasejs/9.17.2/firebase-messaging/sw.js","database":"https://www.gstatic.com/firebasejs/9.17.2/firebase-database.js","firestore.memory":"https://www.gstatic.com/firebasejs/9.17.2/firebase-firestore.memory.js"}}
[info] i  Skipping write of public/index.html 
[info] 
[info] i  Detected a .git folder at C:\Users\agerh\dupe-marketplace-app 
[info] i  Authorizing with GitHub to upload your service account to a GitHub repository's secrets store. 
[info] 
[info] Visit this URL on this device to log in:
[info] https://github.com/login/oauth/authorize?client_id=89cf50f02ac6aaed3484&state=397115047&redirect_uri=http%3A%2F%2Flocalhost%3A9005&scope=read%3Auser%20repo%20public_repo
[info] 
[info] Waiting for authentication...
[debug] [2023-03-07T01:45:36.578Z] >>> [apiv2][query] POST https://github.com/login/oauth/access_token [none]
[debug] [2023-03-07T01:45:36.579Z] >>> [apiv2][body] POST https://github.com/login/oauth/access_token [stream]
[debug] [2023-03-07T01:45:36.883Z] <<< [apiv2][status] POST https://github.com/login/oauth/access_token 200
[debug] [2023-03-07T01:45:36.883Z] <<< [apiv2][body] POST https://github.com/login/oauth/access_token {"access_token":"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","token_type":"bearer","scope":"read:user,repo"}
[debug] [2023-03-07T01:45:36.898Z] >>> [apiv2][query] GET https://api.github.com/user [none]
[debug] [2023-03-07T01:45:37.193Z] <<< [apiv2][status] GET https://api.github.com/user 200
[debug] [2023-03-07T01:45:37.193Z] <<< [apiv2][body] GET https://api.github.com/user {"login":"alyssagerhart","id":113364512,"node_id":"U_kgDOBsHOIA","avatar_url":"https://avatars.githubusercontent.com/u/113364512?v=4","gravatar_id":"","url":"https://api.github.com/users/alyssagerhart","html_url":"https://github.com/alyssagerhart","followers_url":"https://api.github.com/users/alyssagerhart/followers","following_url":"https://api.github.com/users/alyssagerhart/following{/other_user}","gists_url":"https://api.github.com/users/alyssagerhart/gists{/gist_id}","starred_url":"https://api.github.com/users/alyssagerhart/starred{/owner}{/repo}","subscriptions_url":"https://api.github.com/users/alyssagerhart/subscriptions","organizations_url":"https://api.github.com/users/alyssagerhart/orgs","repos_url":"https://api.github.com/users/alyssagerhart/repos","events_url":"https://api.github.com/users/alyssagerhart/events{/privacy}","received_events_url":"https://api.github.com/users/alyssagerhart/received_events","type":"User","site_admin":false,"name":null,"company":null,"blog":"","location":null,"email":null,"hireable":null,"bio":null,"twitter_username":null,"public_repos":7,"public_gists":0,"followers":0,"following":1,"created_at":"2022-09-12T14:15:33Z","updated_at":"2023-02-12T13:45:57Z","private_gists":0,"total_private_repos":0,"owned_private_repos":0,"disk_usage":15050,"collaborators":0,"two_factor_authentication":false,"plan":{"name":"pro","space":976562499,"collaborators":0,"private_repos":9999}}
[info] 
[info] +  Success! Logged into GitHub as alyssagerhart 
[info] 
[debug] [2023-03-07T01:46:42.746Z] >>> [apiv2][query] GET https://api.github.com/repos/gerhartalyssa/dupe-marketplace-app/actions/secrets/public-key type=owner
[debug] [2023-03-07T01:46:42.978Z] <<< [apiv2][status] GET https://api.github.com/repos/gerhartalyssa/dupe-marketplace-app/actions/secrets/public-key 404
[debug] [2023-03-07T01:46:42.979Z] <<< [apiv2][body] GET https://api.github.com/repos/gerhartalyssa/dupe-marketplace-app/actions/secrets/public-key {"message":"Not Found","documentation_url":"https://docs.github.com/rest/reference/actions#get-a-repository-public-key"}
[debug] [2023-03-07T01:46:45.768Z] >>> [apiv2][query] GET https://api.github.com/repos/gerhartalyssa/dupe-marketplace-app/actions/secrets/public-key type=owner
[debug] [2023-03-07T01:46:45.998Z] <<< [apiv2][status] GET https://api.github.com/repos/gerhartalyssa/dupe-marketplace-app/actions/secrets/public-key 404
[debug] [2023-03-07T01:46:45.999Z] <<< [apiv2][body] GET https://api.github.com/repos/gerhartalyssa/dupe-marketplace-app/actions/secrets/public-key {"message":"Not Found","documentation_url":"https://docs.github.com/rest/reference/actions#get-a-repository-public-key"}
[debug] [2023-03-07T01:47:03.741Z] >>> [apiv2][query] GET https://api.github.com/repos/gerhartalyssa/dupe-marketplace/actions/secrets/public-key type=owner
[debug] [2023-03-07T01:47:04.002Z] <<< [apiv2][status] GET https://api.github.com/repos/gerhartalyssa/dupe-marketplace/actions/secrets/public-key 404
[debug] [2023-03-07T01:47:04.003Z] <<< [apiv2][body] GET https://api.github.com/repos/gerhartalyssa/dupe-marketplace/actions/secrets/public-key {"message":"Not Found","documentation_url":"https://docs.github.com/rest/reference/actions#get-a-repository-public-key"}
[debug] [2023-03-07T01:47:43.389Z] >>> [apiv2][query] GET https://api.github.com/repos/gerhartalyssa/dupe-marketplace/actions/secrets/public-key type=owner
[debug] [2023-03-07T01:47:43.565Z] >>> [apiv2][query] GET https://api.github.com/repos//actions/secrets/public-key type=owner
[debug] [2023-03-07T01:47:43.639Z] <<< [apiv2][status] GET https://api.github.com/repos/gerhartalyssa/dupe-marketplace/actions/secrets/public-key 404
[debug] [2023-03-07T01:47:43.639Z] <<< [apiv2][body] GET https://api.github.com/repos/gerhartalyssa/dupe-marketplace/actions/secrets/public-key {"message":"Not Found","documentation_url":"https://docs.github.com/rest/reference/actions#get-a-repository-public-key"}
[debug] [2023-03-07T01:47:43.770Z] <<< [apiv2][status] GET https://api.github.com/repos//actions/secrets/public-key 404
[debug] [2023-03-07T01:47:43.770Z] <<< [apiv2][body] GET https://api.github.com/repos//actions/secrets/public-key {"message":"Not Found","documentation_url":"https://docs.github.com/rest"}
[debug] [2023-03-07T01:47:44.390Z] >>> [apiv2][query] GET https://api.github.com/repos/gerhartalyssa/dupe-marketplace/actions/secrets/public-key type=owner
[debug] [2023-03-07T01:47:44.574Z] >>> [apiv2][query] GET https://api.github.com/repos//actions/secrets/public-key type=owner
[debug] [2023-03-07T01:47:44.621Z] <<< [apiv2][status] GET https://api.github.com/repos/gerhartalyssa/dupe-marketplace/actions/secrets/public-key 404
[debug] [2023-03-07T01:47:44.621Z] <<< [apiv2][body] GET https://api.github.com/repos/gerhartalyssa/dupe-marketplace/actions/secrets/public-key {"message":"Not Found","documentation_url":"https://docs.github.com/rest/reference/actions#get-a-repository-public-key"}
[debug] [2023-03-07T01:47:44.758Z] >>> [apiv2][query] GET https://api.github.com/repos/gerhartalyssa/dupe-marketplace/actions/secrets/public-key type=owner
[debug] [2023-03-07T01:47:44.783Z] <<< [apiv2][status] GET https://api.github.com/repos//actions/secrets/public-key 404
[debug] [2023-03-07T01:47:44.783Z] <<< [apiv2][body] GET https://api.github.com/repos//actions/secrets/public-key {"message":"Not Found","documentation_url":"https://docs.github.com/rest"}
[debug] [2023-03-07T01:47:45.024Z] <<< [apiv2][status] GET https://api.github.com/repos/gerhartalyssa/dupe-marketplace/actions/secrets/public-key 404
[debug] [2023-03-07T01:47:45.025Z] <<< [apiv2][body] GET https://api.github.com/repos/gerhartalyssa/dupe-marketplace/actions/secrets/public-key {"message":"Not Found","documentation_url":"https://docs.github.com/rest/reference/actions#get-a-repository-public-key"}
[debug] [2023-03-07T01:47:47.758Z] >>> [apiv2][query] GET https://api.github.com/repos/gerhartalyssa/dupe-marketplace-app/actions/secrets/public-key type=owner
[debug] [2023-03-07T01:47:53.443Z] >>> [apiv2][query] GET https://api.github.com/repos//actions/secrets/public-key type=owner
[debug] [2023-03-07T01:47:53.661Z] <<< [apiv2][status] GET https://api.github.com/repos//actions/secrets/public-key 404
[debug] [2023-03-07T01:47:53.663Z] <<< [apiv2][body] GET https://api.github.com/repos//actions/secrets/public-key {"message":"Not Found","documentation_url":"https://docs.github.com/rest"}
[debug] [2023-03-07T01:47:56.679Z] >>> [apiv2][query] GET https://api.github.com/repos/gerhartalyssa/dupe-marketplace-app/actions/secrets/public-key type=owner
[debug] [2023-03-07T01:47:56.928Z] <<< [apiv2][status] GET https://api.github.com/repos/gerhartalyssa/dupe-marketplace-app/actions/secrets/public-key 404
[debug] [2023-03-07T01:47:56.928Z] <<< [apiv2][body] GET https://api.github.com/repos/gerhartalyssa/dupe-marketplace-app/actions/secrets/public-key {"message":"Not Found","documentation_url":"https://docs.github.com/rest/reference/actions#get-a-repository-public-key"}
[debug] [2023-03-07T01:47:58.086Z] <<< [apiv2][status] GET https://api.github.com/repos/gerhartalyssa/dupe-marketplace-app/actions/secrets/public-key 404
[debug] [2023-03-07T01:47:58.086Z] <<< [apiv2][body] GET https://api.github.com/repos/gerhartalyssa/dupe-marketplace-app/actions/secrets/public-key {"message":"Not Found","documentation_url":"https://docs.github.com/rest/reference/actions#get-a-repository-public-key"}
[debug] [2023-03-07T01:48:16.452Z] >>> [apiv2][query] GET https://api.github.com/repos/gerhartalyssa/dupe-marketplace-app/actions/secrets/public-key type=owner
[debug] [2023-03-07T01:48:16.711Z] <<< [apiv2][status] GET https://api.github.com/repos/gerhartalyssa/dupe-marketplace-app/actions/secrets/public-key 404
[debug] [2023-03-07T01:48:16.712Z] <<< [apiv2][body] GET https://api.github.com/repos/gerhartalyssa/dupe-marketplace-app/actions/secrets/public-key {"message":"Not Found","documentation_url":"https://docs.github.com/rest/reference/actions#get-a-repository-public-key"}
[debug] [2023-03-07T01:48:16.899Z] >>> [apiv2][query] GET https://api.github.com/repos/gerhartalyssa/dupe-marketplace-app/actions/secrets/public-key type=owner
[debug] [2023-03-07T01:48:17.046Z] >>> [apiv2][query] GET https://api.github.com/repos//actions/secrets/public-key type=owner
[debug] [2023-03-07T01:48:17.140Z] <<< [apiv2][status] GET https://api.github.com/repos/gerhartalyssa/dupe-marketplace-app/actions/secrets/public-key 404
[debug] [2023-03-07T01:48:17.141Z] <<< [apiv2][body] GET https://api.github.com/repos/gerhartalyssa/dupe-marketplace-app/actions/secrets/public-key {"message":"Not Found","documentation_url":"https://docs.github.com/rest/reference/actions#get-a-repository-public-key"}
[debug] [2023-03-07T01:48:17.261Z] <<< [apiv2][status] GET https://api.github.com/repos//actions/secrets/public-key 404
[debug] [2023-03-07T01:48:17.261Z] <<< [apiv2][body] GET https://api.github.com/repos//actions/secrets/public-key {"message":"Not Found","documentation_url":"https://docs.github.com/rest"}
[debug] [2023-03-07T01:48:55.058Z] >>> [apiv2][query] GET https://api.github.com/repos/alyssagerhart/dupe-marketplace-app/actions/secrets/public-key type=owner
[debug] [2023-03-07T01:48:55.339Z] <<< [apiv2][status] GET https://api.github.com/repos/alyssagerhart/dupe-marketplace-app/actions/secrets/public-key 404
[debug] [2023-03-07T01:48:55.339Z] <<< [apiv2][body] GET https://api.github.com/repos/alyssagerhart/dupe-marketplace-app/actions/secrets/public-key {"message":"Not Found","documentation_url":"https://docs.github.com/rest"}
[debug] [2023-03-07T01:48:57.828Z] >>> [apiv2][query] GET https://api.github.com/repos/alyssagerhart/dupe-marketplace-app/actions/secrets/public-key type=owner
[debug] [2023-03-07T01:48:58.086Z] <<< [apiv2][status] GET https://api.github.com/repos/alyssagerhart/dupe-marketplace-app/actions/secrets/public-key 404
[debug] [2023-03-07T01:48:58.086Z] <<< [apiv2][body] GET https://api.github.com/repos/alyssagerhart/dupe-marketplace-app/actions/secrets/public-key {"message":"Not Found","documentation_url":"https://docs.github.com/rest"}
[debug] [2023-03-07T01:49:00.882Z] >>> [apiv2][query] GET https://api.github.com/repos/alyssagerhart/dupe-marketplace-app/actions/secrets/public-key type=owner
[debug] [2023-03-07T01:49:01.030Z] >>> [apiv2][query] GET https://api.github.com/repos//actions/secrets/public-key type=owner
[debug] [2023-03-07T01:49:01.164Z] <<< [apiv2][status] GET https://api.github.com/repos/alyssagerhart/dupe-marketplace-app/actions/secrets/public-key 404
[debug] [2023-03-07T01:49:01.165Z] <<< [apiv2][body] GET https://api.github.com/repos/alyssagerhart/dupe-marketplace-app/actions/secrets/public-key {"message":"Not Found","documentation_url":"https://docs.github.com/rest"}
[debug] [2023-03-07T01:49:01.310Z] <<< [apiv2][status] GET https://api.github.com/repos//actions/secrets/public-key 404
[debug] [2023-03-07T01:49:01.310Z] <<< [apiv2][body] GET https://api.github.com/repos//actions/secrets/public-key {"message":"Not Found","documentation_url":"https://docs.github.com/rest"}
